<?xml version="1.0" encoding="UTF-8"?>
<testng-results ignored="0" total="2" passed="2" failed="0" skipped="0">
  <reporter-output>
  </reporter-output>
  <suite started-at="2018-10-13T15:59:32Z" name="PositiveLogInTestSuite" finished-at="2018-10-13T16:00:43Z" duration-ms="71042">
    <groups>
    </groups>
    <test started-at="2018-10-13T15:59:32Z" name="PositiveLogInTest-WoPR" finished-at="2018-10-13T16:00:01Z" duration-ms="29686">
      <class name="com.herokuapp.theinternet.loginpagetests.PositiveLogInTests">
        <test-method is-config="true" signature="setUp(java.lang.reflect.Method, java.lang.String, java.lang.String, org.testng.ITestContext)[pri:0, instance:com.herokuapp.theinternet.loginpagetests.PositiveLogInTests@3cc1435c]" started-at="2018-10-13T15:59:32Z" name="setUp" finished-at="2018-10-13T15:59:40Z" duration-ms="7602" status="PASS">
          <params>
            <param index="0">
              <value>
                <![CDATA[public void com.herokuapp.theinternet.loginpagetests.PositiveLogInTests.logInTest()]]>
              </value>
            </param>
            <param index="1">
              <value>
                <![CDATA[chrome]]>
              </value>
            </param>
            <param index="2">
              <value is-null="true"/>
            </param>
            <param index="3">
              <value>
                <![CDATA[org.testng.TestRunner@2c8662ac]]>
              </value>
            </param>
          </params>
          <reporter-output>
          </reporter-output>
        </test-method> <!-- setUp -->
        <test-method signature="logInTest()[pri:0, instance:com.herokuapp.theinternet.loginpagetests.PositiveLogInTests@3cc1435c]" started-at="2018-10-13T15:59:40Z" name="logInTest" finished-at="2018-10-13T16:00:01Z" duration-ms="20586" status="PASS">
          <reporter-output>
          </reporter-output>
        </test-method> <!-- logInTest -->
        <test-method is-config="true" signature="tearDown()[pri:0, instance:com.herokuapp.theinternet.loginpagetests.PositiveLogInTests@3cc1435c]" started-at="2018-10-13T16:00:01Z" name="tearDown" finished-at="2018-10-13T16:00:01Z" duration-ms="751" status="PASS">
          <reporter-output>
          </reporter-output>
        </test-method> <!-- tearDown -->
      </class> <!-- com.herokuapp.theinternet.loginpagetests.PositiveLogInTests -->
    </test> <!-- PositiveLogInTest-WoPR -->
    <test started-at="2018-10-13T16:00:01Z" name="PositiveLogInTest-WPr" finished-at="2018-10-13T16:00:43Z" duration-ms="41315">
      <class name="com.herokuapp.theinternet.loginpagetests.PositiveLogInTests">
        <test-method is-config="true" signature="setUp(java.lang.reflect.Method, java.lang.String, java.lang.String, org.testng.ITestContext)[pri:0, instance:com.herokuapp.theinternet.loginpagetests.PositiveLogInTests@5fa07e12]" started-at="2018-10-13T16:00:01Z" name="setUp" finished-at="2018-10-13T16:00:09Z" duration-ms="7478" status="PASS">
          <params>
            <param index="0">
              <value>
                <![CDATA[public void com.herokuapp.theinternet.loginpagetests.PositiveLogInTests.logInTest()]]>
              </value>
            </param>
            <param index="1">
              <value>
                <![CDATA[chrome]]>
              </value>
            </param>
            <param index="2">
              <value>
                <![CDATA[ChromeProfile]]>
              </value>
            </param>
            <param index="3">
              <value>
                <![CDATA[org.testng.TestRunner@260ff5b7]]>
              </value>
            </param>
          </params>
          <reporter-output>
          </reporter-output>
        </test-method> <!-- setUp -->
        <test-method signature="logInTest()[pri:0, instance:com.herokuapp.theinternet.loginpagetests.PositiveLogInTests@5fa07e12]" started-at="2018-10-13T16:00:09Z" name="logInTest" finished-at="2018-10-13T16:00:42Z" duration-ms="33123" status="PASS">
          <reporter-output>
          </reporter-output>
        </test-method> <!-- logInTest -->
        <test-method is-config="true" signature="tearDown()[pri:0, instance:com.herokuapp.theinternet.loginpagetests.PositiveLogInTests@5fa07e12]" started-at="2018-10-13T16:00:42Z" name="tearDown" finished-at="2018-10-13T16:00:43Z" duration-ms="710" status="PASS">
          <reporter-output>
          </reporter-output>
        </test-method> <!-- tearDown -->
      </class> <!-- com.herokuapp.theinternet.loginpagetests.PositiveLogInTests -->
    </test> <!-- PositiveLogInTest-WPr -->
  </suite> <!-- PositiveLogInTestSuite -->
</testng-results>
