<?xml version="1.0" encoding="UTF-8"?>
<testng-results ignored="0" total="4" passed="4" failed="0" skipped="0">
  <reporter-output>
  </reporter-output>
  <suite started-at="2018-09-15T15:21:31Z" name="NegativeLogInTestSuite" finished-at="2018-09-15T15:21:51Z" duration-ms="19886">
    <groups>
    </groups>
    <test started-at="2018-09-15T15:21:31Z" name="NegativePasswordTest-CH" finished-at="2018-09-15T15:21:47Z" duration-ms="15799">
      <class name="com.herokuapp.theinternet.loginpagetests.NegativeLogInTests">
        <test-method is-config="true" signature="setUp(java.lang.String, org.testng.ITestContext)[pri:0, instance:com.herokuapp.theinternet.loginpagetests.NegativeLogInTests@5ab9e72c]" started-at="2018-09-15T15:21:31Z" name="setUp" finished-at="2018-09-15T15:21:40Z" duration-ms="8863" status="PASS">
          <params>
            <param index="0">
              <value>
                <![CDATA[chrome]]>
              </value>
            </param>
            <param index="1">
              <value>
                <![CDATA[org.testng.TestRunner@446293d]]>
              </value>
            </param>
          </params>
          <reporter-output>
          </reporter-output>
        </test-method> <!-- setUp -->
        <test-method signature="negativeTest(java.lang.String, java.lang.String, java.lang.String)[pri:1, instance:com.herokuapp.theinternet.loginpagetests.NegativeLogInTests@5ab9e72c]" started-at="2018-09-15T15:21:40Z" name="negativeTest" finished-at="2018-09-15T15:21:45Z" duration-ms="5601" status="PASS">
          <params>
            <param index="0">
              <value>
                <![CDATA[tomsmith]]>
              </value>
            </param>
            <param index="1">
              <value>
                <![CDATA[incorrectPassword]]>
              </value>
            </param>
            <param index="2">
              <value>
                <![CDATA[Your password is invalid!]]>
              </value>
            </param>
          </params>
          <reporter-output>
          </reporter-output>
        </test-method> <!-- negativeTest -->
        <test-method is-config="true" signature="tearDown()[pri:0, instance:com.herokuapp.theinternet.loginpagetests.NegativeLogInTests@5ab9e72c]" started-at="2018-09-15T15:21:45Z" name="tearDown" finished-at="2018-09-15T15:21:47Z" duration-ms="1292" status="PASS">
          <reporter-output>
          </reporter-output>
        </test-method> <!-- tearDown -->
      </class> <!-- com.herokuapp.theinternet.loginpagetests.NegativeLogInTests -->
    </test> <!-- NegativePasswordTest-CH -->
    <test started-at="2018-09-15T15:21:31Z" name="NegativeUsernameTest-CH" finished-at="2018-09-15T15:21:47Z" duration-ms="15890">
      <class name="com.herokuapp.theinternet.loginpagetests.NegativeLogInTests">
        <test-method is-config="true" signature="setUp(java.lang.String, org.testng.ITestContext)[pri:0, instance:com.herokuapp.theinternet.loginpagetests.NegativeLogInTests@6db9f5a4]" started-at="2018-09-15T15:21:31Z" name="setUp" finished-at="2018-09-15T15:21:40Z" duration-ms="8910" status="PASS">
          <params>
            <param index="0">
              <value>
                <![CDATA[chrome]]>
              </value>
            </param>
            <param index="1">
              <value>
                <![CDATA[org.testng.TestRunner@793be5ca]]>
              </value>
            </param>
          </params>
          <reporter-output>
          </reporter-output>
        </test-method> <!-- setUp -->
        <test-method signature="negativeTest(java.lang.String, java.lang.String, java.lang.String)[pri:1, instance:com.herokuapp.theinternet.loginpagetests.NegativeLogInTests@6db9f5a4]" started-at="2018-09-15T15:21:40Z" name="negativeTest" finished-at="2018-09-15T15:21:46Z" duration-ms="5952" status="PASS">
          <params>
            <param index="0">
              <value>
                <![CDATA[incorrectUsername]]>
              </value>
            </param>
            <param index="1">
              <value>
                <![CDATA[SuperSecretPassword!]]>
              </value>
            </param>
            <param index="2">
              <value>
                <![CDATA[Your username is invalid!]]>
              </value>
            </param>
          </params>
          <reporter-output>
          </reporter-output>
        </test-method> <!-- negativeTest -->
        <test-method is-config="true" signature="tearDown()[pri:0, instance:com.herokuapp.theinternet.loginpagetests.NegativeLogInTests@6db9f5a4]" started-at="2018-09-15T15:21:46Z" name="tearDown" finished-at="2018-09-15T15:21:47Z" duration-ms="989" status="PASS">
          <reporter-output>
          </reporter-output>
        </test-method> <!-- tearDown -->
      </class> <!-- com.herokuapp.theinternet.loginpagetests.NegativeLogInTests -->
    </test> <!-- NegativeUsernameTest-CH -->
    <test started-at="2018-09-15T15:21:31Z" name="NegativePasswordTest-FF" finished-at="2018-09-15T15:21:50Z" duration-ms="19376">
      <class name="com.herokuapp.theinternet.loginpagetests.NegativeLogInTests">
        <test-method is-config="true" signature="setUp(java.lang.String, org.testng.ITestContext)[pri:0, instance:com.herokuapp.theinternet.loginpagetests.NegativeLogInTests@574b560f]" started-at="2018-09-15T15:21:31Z" name="setUp" finished-at="2018-09-15T15:21:44Z" duration-ms="12843" status="PASS">
          <params>
            <param index="0">
              <value>
                <![CDATA[firefox]]>
              </value>
            </param>
            <param index="1">
              <value>
                <![CDATA[org.testng.TestRunner@2df9b86]]>
              </value>
            </param>
          </params>
          <reporter-output>
          </reporter-output>
        </test-method> <!-- setUp -->
        <test-method signature="negativeTest(java.lang.String, java.lang.String, java.lang.String)[pri:1, instance:com.herokuapp.theinternet.loginpagetests.NegativeLogInTests@574b560f]" started-at="2018-09-15T15:21:44Z" name="negativeTest" finished-at="2018-09-15T15:21:46Z" duration-ms="2789" status="PASS">
          <params>
            <param index="0">
              <value>
                <![CDATA[tomsmith]]>
              </value>
            </param>
            <param index="1">
              <value>
                <![CDATA[incorrectPassword]]>
              </value>
            </param>
            <param index="2">
              <value>
                <![CDATA[Your password is invalid!]]>
              </value>
            </param>
          </params>
          <reporter-output>
          </reporter-output>
        </test-method> <!-- negativeTest -->
        <test-method is-config="true" signature="tearDown()[pri:0, instance:com.herokuapp.theinternet.loginpagetests.NegativeLogInTests@574b560f]" started-at="2018-09-15T15:21:46Z" name="tearDown" finished-at="2018-09-15T15:21:50Z" duration-ms="3704" status="PASS">
          <reporter-output>
          </reporter-output>
        </test-method> <!-- tearDown -->
      </class> <!-- com.herokuapp.theinternet.loginpagetests.NegativeLogInTests -->
    </test> <!-- NegativePasswordTest-FF -->
    <test started-at="2018-09-15T15:21:31Z" name="NegativeUsernameTest-FF" finished-at="2018-09-15T15:21:51Z" duration-ms="19886">
      <class name="com.herokuapp.theinternet.loginpagetests.NegativeLogInTests">
        <test-method is-config="true" signature="setUp(java.lang.String, org.testng.ITestContext)[pri:0, instance:com.herokuapp.theinternet.loginpagetests.NegativeLogInTests@2f54a33d]" started-at="2018-09-15T15:21:31Z" name="setUp" finished-at="2018-09-15T15:21:46Z" duration-ms="15374" status="PASS">
          <params>
            <param index="0">
              <value>
                <![CDATA[firefox]]>
              </value>
            </param>
            <param index="1">
              <value>
                <![CDATA[org.testng.TestRunner@69997e9d]]>
              </value>
            </param>
          </params>
          <reporter-output>
          </reporter-output>
        </test-method> <!-- setUp -->
        <test-method signature="negativeTest(java.lang.String, java.lang.String, java.lang.String)[pri:1, instance:com.herokuapp.theinternet.loginpagetests.NegativeLogInTests@2f54a33d]" started-at="2018-09-15T15:21:46Z" name="negativeTest" finished-at="2018-09-15T15:21:49Z" duration-ms="2730" status="PASS">
          <params>
            <param index="0">
              <value>
                <![CDATA[incorrectUsername]]>
              </value>
            </param>
            <param index="1">
              <value>
                <![CDATA[SuperSecretPassword!]]>
              </value>
            </param>
            <param index="2">
              <value>
                <![CDATA[Your username is invalid!]]>
              </value>
            </param>
          </params>
          <reporter-output>
          </reporter-output>
        </test-method> <!-- negativeTest -->
        <test-method is-config="true" signature="tearDown()[pri:0, instance:com.herokuapp.theinternet.loginpagetests.NegativeLogInTests@2f54a33d]" started-at="2018-09-15T15:21:49Z" name="tearDown" finished-at="2018-09-15T15:21:51Z" duration-ms="1743" status="PASS">
          <reporter-output>
          </reporter-output>
        </test-method> <!-- tearDown -->
      </class> <!-- com.herokuapp.theinternet.loginpagetests.NegativeLogInTests -->
    </test> <!-- NegativeUsernameTest-FF -->
  </suite> <!-- NegativeLogInTestSuite -->
</testng-results>
