<?xml version="1.0" encoding="UTF-8"?>
<testng-results ignored="0" total="2" passed="2" failed="0" skipped="0">
  <reporter-output>
  </reporter-output>
  <suite started-at="2018-10-13T16:22:02Z" name="CheckboxesTestSuite" finished-at="2018-10-13T16:22:23Z" duration-ms="21104">
    <groups>
    </groups>
    <test started-at="2018-10-13T16:22:02Z" name="CheckboxesTests-Android" finished-at="2018-10-13T16:22:13Z" duration-ms="11642">
      <class name="com.herokuapp.theinternet.checkboxespagetests.CheckboxesTests">
        <test-method is-config="true" signature="setUp(java.lang.reflect.Method, java.lang.String, java.lang.String, java.lang.String, org.testng.ITestContext)[pri:0, instance:com.herokuapp.theinternet.checkboxespagetests.CheckboxesTests@6a2b953e]" started-at="2018-10-13T16:22:02Z" name="setUp" finished-at="2018-10-13T16:22:10Z" duration-ms="7570" status="PASS">
          <params>
            <param index="0">
              <value>
                <![CDATA[public void com.herokuapp.theinternet.checkboxespagetests.CheckboxesTests.selectingTwoCheckboxesTest()]]>
              </value>
            </param>
            <param index="1">
              <value>
                <![CDATA[chrome]]>
              </value>
            </param>
            <param index="2">
              <value is-null="true"/>
            </param>
            <param index="3">
              <value>
                <![CDATA[Pixel 2 XL]]>
              </value>
            </param>
            <param index="4">
              <value>
                <![CDATA[org.testng.TestRunner@7918c7f8]]>
              </value>
            </param>
          </params>
          <reporter-output>
          </reporter-output>
        </test-method> <!-- setUp -->
        <test-method signature="selectingTwoCheckboxesTest()[pri:0, instance:com.herokuapp.theinternet.checkboxespagetests.CheckboxesTests@6a2b953e]" started-at="2018-10-13T16:22:10Z" name="selectingTwoCheckboxesTest" finished-at="2018-10-13T16:22:13Z" duration-ms="2688" status="PASS">
          <reporter-output>
          </reporter-output>
        </test-method> <!-- selectingTwoCheckboxesTest -->
        <test-method is-config="true" signature="tearDown()[pri:0, instance:com.herokuapp.theinternet.checkboxespagetests.CheckboxesTests@6a2b953e]" started-at="2018-10-13T16:22:13Z" name="tearDown" finished-at="2018-10-13T16:22:13Z" duration-ms="742" status="PASS">
          <reporter-output>
          </reporter-output>
        </test-method> <!-- tearDown -->
      </class> <!-- com.herokuapp.theinternet.checkboxespagetests.CheckboxesTests -->
    </test> <!-- CheckboxesTests-Android -->
    <test started-at="2018-10-13T16:22:13Z" name="CheckboxesTests-iOS" finished-at="2018-10-13T16:22:23Z" duration-ms="9417">
      <class name="com.herokuapp.theinternet.checkboxespagetests.CheckboxesTests">
        <test-method is-config="true" signature="setUp(java.lang.reflect.Method, java.lang.String, java.lang.String, java.lang.String, org.testng.ITestContext)[pri:0, instance:com.herokuapp.theinternet.checkboxespagetests.CheckboxesTests@236e3f4e]" started-at="2018-10-13T16:22:13Z" name="setUp" finished-at="2018-10-13T16:22:20Z" duration-ms="6803" status="PASS">
          <params>
            <param index="0">
              <value>
                <![CDATA[public void com.herokuapp.theinternet.checkboxespagetests.CheckboxesTests.selectingTwoCheckboxesTest()]]>
              </value>
            </param>
            <param index="1">
              <value>
                <![CDATA[chrome]]>
              </value>
            </param>
            <param index="2">
              <value is-null="true"/>
            </param>
            <param index="3">
              <value>
                <![CDATA[iPhone X]]>
              </value>
            </param>
            <param index="4">
              <value>
                <![CDATA[org.testng.TestRunner@17740dae]]>
              </value>
            </param>
          </params>
          <reporter-output>
          </reporter-output>
        </test-method> <!-- setUp -->
        <test-method signature="selectingTwoCheckboxesTest()[pri:0, instance:com.herokuapp.theinternet.checkboxespagetests.CheckboxesTests@236e3f4e]" started-at="2018-10-13T16:22:20Z" name="selectingTwoCheckboxesTest" finished-at="2018-10-13T16:22:22Z" duration-ms="1928" status="PASS">
          <reporter-output>
          </reporter-output>
        </test-method> <!-- selectingTwoCheckboxesTest -->
        <test-method is-config="true" signature="tearDown()[pri:0, instance:com.herokuapp.theinternet.checkboxespagetests.CheckboxesTests@236e3f4e]" started-at="2018-10-13T16:22:22Z" name="tearDown" finished-at="2018-10-13T16:22:23Z" duration-ms="682" status="PASS">
          <reporter-output>
          </reporter-output>
        </test-method> <!-- tearDown -->
      </class> <!-- com.herokuapp.theinternet.checkboxespagetests.CheckboxesTests -->
    </test> <!-- CheckboxesTests-iOS -->
  </suite> <!-- CheckboxesTestSuite -->
</testng-results>
