<?xml version="1.0" encoding="UTF-8"?>
<testng-results ignored="0" total="1" passed="1" failed="0" skipped="0">
  <reporter-output>
  </reporter-output>
  <suite started-at="2018-09-29T14:08:24Z" name="WindowsTestSuite" finished-at="2018-09-29T14:08:37Z" duration-ms="13004">
    <groups>
    </groups>
    <test started-at="2018-09-29T14:08:24Z" name="WindowsTests" finished-at="2018-09-29T14:08:37Z" duration-ms="13004">
      <class name="com.herokuapp.theinternet.windowstests.WindowsTests">
        <test-method is-config="true" signature="setUp(java.lang.String, org.testng.ITestContext)[pri:0, instance:com.herokuapp.theinternet.windowstests.WindowsTests@424e1977]" started-at="2018-09-29T14:08:24Z" name="setUp" finished-at="2018-09-29T14:08:33Z" duration-ms="8056" status="PASS">
          <params>
            <param index="0">
              <value>
                <![CDATA[chrome]]>
              </value>
            </param>
            <param index="1">
              <value>
                <![CDATA[org.testng.TestRunner@621f89b8]]>
              </value>
            </param>
          </params>
          <reporter-output>
          </reporter-output>
        </test-method> <!-- setUp -->
        <test-method signature="newWindowTest()[pri:0, instance:com.herokuapp.theinternet.windowstests.WindowsTests@424e1977]" started-at="2018-09-29T14:08:33Z" name="newWindowTest" finished-at="2018-09-29T14:08:37Z" duration-ms="4212" status="PASS">
          <reporter-output>
          </reporter-output>
        </test-method> <!-- newWindowTest -->
        <test-method is-config="true" signature="tearDown()[pri:0, instance:com.herokuapp.theinternet.windowstests.WindowsTests@424e1977]" started-at="2018-09-29T14:08:37Z" name="tearDown" finished-at="2018-09-29T14:08:37Z" duration-ms="701" status="PASS">
          <reporter-output>
          </reporter-output>
        </test-method> <!-- tearDown -->
      </class> <!-- com.herokuapp.theinternet.windowstests.WindowsTests -->
    </test> <!-- WindowsTests -->
  </suite> <!-- WindowsTestSuite -->
</testng-results>
