<?xml version="1.0" encoding="UTF-8"?>
<testng-results ignored="0" total="1" passed="1" failed="0" skipped="0">
  <reporter-output>
  </reporter-output>
  <suite started-at="2018-09-13T14:56:29Z" name="PositiveLogInTestSuite" finished-at="2018-09-13T14:56:37Z" duration-ms="8782">
    <groups>
    </groups>
    <test started-at="2018-09-13T14:56:29Z" name="PositiveLogInTest" finished-at="2018-09-13T14:56:37Z" duration-ms="8782">
      <class name="com.herokuapp.theinternet.loginpagetests.PositiveLogInTests">
        <test-method signature="logInTest()[pri:0, instance:com.herokuapp.theinternet.loginpagetests.PositiveLogInTests@757277dc]" started-at="2018-09-13T14:56:29Z" name="logInTest" finished-at="2018-09-13T14:56:37Z" duration-ms="8749" status="PASS">
          <reporter-output>
          </reporter-output>
        </test-method> <!-- logInTest -->
      </class> <!-- com.herokuapp.theinternet.loginpagetests.PositiveLogInTests -->
    </test> <!-- PositiveLogInTest -->
  </suite> <!-- PositiveLogInTestSuite -->
</testng-results>
