<?xml version="1.0" encoding="UTF-8"?>
<!-- Generated by org.testng.reporters.JUnitXMLReporter -->
<testsuite ignored="0" hostname="Dee-PC" failures="1" tests="1" name="HorizontalSliderTests-FF" time="13.797" errors="0" timestamp="29 Sep 2018 15:42:10 GMT">
  <testcase classname="com.herokuapp.theinternet.horizontalslidertests.HorizontalSliderTests" name="sliderTest" time="5.274">
    <failure type="java.lang.AssertionError" message="Range is not correct. It is: 5 expected [true] but found [false]">
      <![CDATA[java.lang.AssertionError: Range is not correct. It is: 5 expected [true] but found [false]
at com.herokuapp.theinternet.horizontalslidertests.HorizontalSliderTests.sliderTest(HorizontalSliderTests.java:28)
... Removed 28 stack frames]]>
    </failure>
  </testcase> <!-- sliderTest -->
</testsuite> <!-- HorizontalSliderTests-FF -->
