<?xml version="1.0" encoding="UTF-8"?>
<testng-results ignored="0" total="1" passed="1" failed="0" skipped="0">
  <reporter-output>
  </reporter-output>
  <suite started-at="2018-09-13T15:16:29Z" name="PositiveLogInTestSuite" finished-at="2018-09-13T15:16:38Z" duration-ms="8300">
    <groups>
    </groups>
    <test started-at="2018-09-13T15:16:29Z" name="PositiveLogInTest" finished-at="2018-09-13T15:16:38Z" duration-ms="8300">
      <class name="com.herokuapp.theinternet.loginpagetests.PositiveLogInTests">
        <test-method is-config="true" signature="setUp(java.lang.String)[pri:0, instance:com.herokuapp.theinternet.loginpagetests.PositiveLogInTests@5f8edcc5]" started-at="2018-09-13T15:16:30Z" name="setUp" finished-at="2018-09-13T15:16:34Z" duration-ms="4645" status="PASS">
          <params>
            <param index="0">
              <value>
                <![CDATA[chrome]]>
              </value>
            </param>
          </params>
          <reporter-output>
          </reporter-output>
        </test-method> <!-- setUp -->
        <test-method signature="logInTest()[pri:0, instance:com.herokuapp.theinternet.loginpagetests.PositiveLogInTests@5f8edcc5]" started-at="2018-09-13T15:16:34Z" name="logInTest" finished-at="2018-09-13T15:16:37Z" duration-ms="2887" status="PASS">
          <reporter-output>
          </reporter-output>
        </test-method> <!-- logInTest -->
        <test-method is-config="true" signature="tearDown()[pri:0, instance:com.herokuapp.theinternet.loginpagetests.PositiveLogInTests@5f8edcc5]" started-at="2018-09-13T15:16:37Z" name="tearDown" finished-at="2018-09-13T15:16:38Z" duration-ms="737" status="PASS">
          <reporter-output>
          </reporter-output>
        </test-method> <!-- tearDown -->
      </class> <!-- com.herokuapp.theinternet.loginpagetests.PositiveLogInTests -->
    </test> <!-- PositiveLogInTest -->
  </suite> <!-- PositiveLogInTestSuite -->
</testng-results>
