<?xml version="1.0" encoding="UTF-8"?>
<testng-results ignored="0" total="1" passed="1" failed="0" skipped="0">
  <reporter-output>
  </reporter-output>
  <suite started-at="2018-09-22T16:01:11Z" name="PositiveLogInTestSuite" finished-at="2018-09-22T16:01:23Z" duration-ms="12959">
    <groups>
    </groups>
    <test started-at="2018-09-22T16:01:11Z" name="PositiveLogInTest" finished-at="2018-09-22T16:01:23Z" duration-ms="12959">
      <class name="com.herokuapp.theinternet.loginpagetests.PositiveLogInTests">
        <test-method is-config="true" signature="setUp(java.lang.String, org.testng.ITestContext)[pri:0, instance:com.herokuapp.theinternet.loginpagetests.PositiveLogInTests@424e1977]" started-at="2018-09-22T16:01:11Z" name="setUp" finished-at="2018-09-22T16:01:19Z" duration-ms="8884" status="PASS">
          <params>
            <param index="0">
              <value>
                <![CDATA[chrome]]>
              </value>
            </param>
            <param index="1">
              <value>
                <![CDATA[org.testng.TestRunner@2ba33e2c]]>
              </value>
            </param>
          </params>
          <reporter-output>
          </reporter-output>
        </test-method> <!-- setUp -->
        <test-method signature="logInTest()[pri:0, instance:com.herokuapp.theinternet.loginpagetests.PositiveLogInTests@424e1977]" started-at="2018-09-22T16:01:19Z" name="logInTest" finished-at="2018-09-22T16:01:23Z" duration-ms="3318" status="PASS">
          <reporter-output>
          </reporter-output>
        </test-method> <!-- logInTest -->
        <test-method is-config="true" signature="tearDown()[pri:0, instance:com.herokuapp.theinternet.loginpagetests.PositiveLogInTests@424e1977]" started-at="2018-09-22T16:01:23Z" name="tearDown" finished-at="2018-09-22T16:01:23Z" duration-ms="723" status="PASS">
          <reporter-output>
          </reporter-output>
        </test-method> <!-- tearDown -->
      </class> <!-- com.herokuapp.theinternet.loginpagetests.PositiveLogInTests -->
    </test> <!-- PositiveLogInTest -->
  </suite> <!-- PositiveLogInTestSuite -->
</testng-results>
