<?xml version="1.0" encoding="UTF-8"?>
<testng-results ignored="0" total="4" passed="4" failed="0" skipped="0">
  <reporter-output>
  </reporter-output>
  <suite started-at="2018-10-13T16:42:26Z" name="DropdownTestSuite" finished-at="2018-10-13T16:43:16Z" duration-ms="49860">
    <groups>
    </groups>
    <test started-at="2018-10-13T16:42:26Z" name="DropdownTests-CH" finished-at="2018-10-13T16:42:37Z" duration-ms="10872">
      <class name="com.herokuapp.theinternet.dropdowntests.DropdownTest">
        <test-method is-config="true" signature="setUp(java.lang.reflect.Method, java.lang.String, java.lang.String, java.lang.String, org.testng.ITestContext)[pri:0, instance:com.herokuapp.theinternet.dropdowntests.DropdownTest@2ea41516]" started-at="2018-10-13T16:42:27Z" name="setUp" finished-at="2018-10-13T16:42:34Z" duration-ms="7286" status="PASS">
          <params>
            <param index="0">
              <value>
                <![CDATA[public void com.herokuapp.theinternet.dropdowntests.DropdownTest.optionTwoTest()]]>
              </value>
            </param>
            <param index="1">
              <value>
                <![CDATA[chromeheadless]]>
              </value>
            </param>
            <param index="2">
              <value is-null="true"/>
            </param>
            <param index="3">
              <value is-null="true"/>
            </param>
            <param index="4">
              <value>
                <![CDATA[org.testng.TestRunner@43245559]]>
              </value>
            </param>
          </params>
          <reporter-output>
          </reporter-output>
        </test-method> <!-- setUp -->
        <test-method signature="optionTwoTest()[pri:0, instance:com.herokuapp.theinternet.dropdowntests.DropdownTest@2ea41516]" started-at="2018-10-13T16:42:34Z" name="optionTwoTest" finished-at="2018-10-13T16:42:37Z" duration-ms="2182" status="PASS">
          <reporter-output>
          </reporter-output>
        </test-method> <!-- optionTwoTest -->
        <test-method is-config="true" signature="tearDown()[pri:0, instance:com.herokuapp.theinternet.dropdowntests.DropdownTest@2ea41516]" started-at="2018-10-13T16:42:37Z" name="tearDown" finished-at="2018-10-13T16:42:37Z" duration-ms="560" status="PASS">
          <reporter-output>
          </reporter-output>
        </test-method> <!-- tearDown -->
      </class> <!-- com.herokuapp.theinternet.dropdowntests.DropdownTest -->
    </test> <!-- DropdownTests-CH -->
    <test started-at="2018-10-13T16:42:37Z" name="DropdownTests-FF" finished-at="2018-10-13T16:42:55Z" duration-ms="17424">
      <class name="com.herokuapp.theinternet.dropdowntests.DropdownTest">
        <test-method is-config="true" signature="setUp(java.lang.reflect.Method, java.lang.String, java.lang.String, java.lang.String, org.testng.ITestContext)[pri:0, instance:com.herokuapp.theinternet.dropdowntests.DropdownTest@59505b48]" started-at="2018-10-13T16:42:37Z" name="setUp" finished-at="2018-10-13T16:42:52Z" duration-ms="14573" status="PASS">
          <params>
            <param index="0">
              <value>
                <![CDATA[public void com.herokuapp.theinternet.dropdowntests.DropdownTest.optionTwoTest()]]>
              </value>
            </param>
            <param index="1">
              <value>
                <![CDATA[firefoxheadless]]>
              </value>
            </param>
            <param index="2">
              <value is-null="true"/>
            </param>
            <param index="3">
              <value is-null="true"/>
            </param>
            <param index="4">
              <value>
                <![CDATA[org.testng.TestRunner@42e4e589]]>
              </value>
            </param>
          </params>
          <reporter-output>
          </reporter-output>
        </test-method> <!-- setUp -->
        <test-method signature="optionTwoTest()[pri:0, instance:com.herokuapp.theinternet.dropdowntests.DropdownTest@59505b48]" started-at="2018-10-13T16:42:52Z" name="optionTwoTest" finished-at="2018-10-13T16:42:54Z" duration-ms="1700" status="PASS">
          <reporter-output>
          </reporter-output>
        </test-method> <!-- optionTwoTest -->
        <test-method is-config="true" signature="tearDown()[pri:0, instance:com.herokuapp.theinternet.dropdowntests.DropdownTest@59505b48]" started-at="2018-10-13T16:42:54Z" name="tearDown" finished-at="2018-10-13T16:42:55Z" duration-ms="1147" status="PASS">
          <reporter-output>
          </reporter-output>
        </test-method> <!-- tearDown -->
      </class> <!-- com.herokuapp.theinternet.dropdowntests.DropdownTest -->
    </test> <!-- DropdownTests-FF -->
    <test started-at="2018-10-13T16:42:55Z" name="DropdownTests-PH" finished-at="2018-10-13T16:43:10Z" duration-ms="15160">
      <class name="com.herokuapp.theinternet.dropdowntests.DropdownTest">
        <test-method is-config="true" signature="setUp(java.lang.reflect.Method, java.lang.String, java.lang.String, java.lang.String, org.testng.ITestContext)[pri:0, instance:com.herokuapp.theinternet.dropdowntests.DropdownTest@7d4f9aae]" started-at="2018-10-13T16:42:55Z" name="setUp" finished-at="2018-10-13T16:43:08Z" duration-ms="13351" status="PASS">
          <params>
            <param index="0">
              <value>
                <![CDATA[public void com.herokuapp.theinternet.dropdowntests.DropdownTest.optionTwoTest()]]>
              </value>
            </param>
            <param index="1">
              <value>
                <![CDATA[phantomjs]]>
              </value>
            </param>
            <param index="2">
              <value is-null="true"/>
            </param>
            <param index="3">
              <value is-null="true"/>
            </param>
            <param index="4">
              <value>
                <![CDATA[org.testng.TestRunner@499ee966]]>
              </value>
            </param>
          </params>
          <reporter-output>
          </reporter-output>
        </test-method> <!-- setUp -->
        <test-method signature="optionTwoTest()[pri:0, instance:com.herokuapp.theinternet.dropdowntests.DropdownTest@7d4f9aae]" started-at="2018-10-13T16:43:08Z" name="optionTwoTest" finished-at="2018-10-13T16:43:10Z" duration-ms="1724" status="PASS">
          <reporter-output>
          </reporter-output>
        </test-method> <!-- optionTwoTest -->
        <test-method is-config="true" signature="tearDown()[pri:0, instance:com.herokuapp.theinternet.dropdowntests.DropdownTest@7d4f9aae]" started-at="2018-10-13T16:43:10Z" name="tearDown" finished-at="2018-10-13T16:43:10Z" duration-ms="82" status="PASS">
          <reporter-output>
          </reporter-output>
        </test-method> <!-- tearDown -->
      </class> <!-- com.herokuapp.theinternet.dropdowntests.DropdownTest -->
    </test> <!-- DropdownTests-PH -->
    <test started-at="2018-10-13T16:43:10Z" name="DropdownTests-UN" finished-at="2018-10-13T16:43:16Z" duration-ms="6304">
      <class name="com.herokuapp.theinternet.dropdowntests.DropdownTest">
        <test-method is-config="true" signature="setUp(java.lang.reflect.Method, java.lang.String, java.lang.String, java.lang.String, org.testng.ITestContext)[pri:0, instance:com.herokuapp.theinternet.dropdowntests.DropdownTest@783a467b]" started-at="2018-10-13T16:43:10Z" name="setUp" finished-at="2018-10-13T16:43:14Z" duration-ms="4282" status="PASS">
          <params>
            <param index="0">
              <value>
                <![CDATA[public void com.herokuapp.theinternet.dropdowntests.DropdownTest.optionTwoTest()]]>
              </value>
            </param>
            <param index="1">
              <value>
                <![CDATA[htmlunit]]>
              </value>
            </param>
            <param index="2">
              <value is-null="true"/>
            </param>
            <param index="3">
              <value is-null="true"/>
            </param>
            <param index="4">
              <value>
                <![CDATA[org.testng.TestRunner@76f2dad9]]>
              </value>
            </param>
          </params>
          <reporter-output>
          </reporter-output>
        </test-method> <!-- setUp -->
        <test-method signature="optionTwoTest()[pri:0, instance:com.herokuapp.theinternet.dropdowntests.DropdownTest@783a467b]" started-at="2018-10-13T16:43:14Z" name="optionTwoTest" finished-at="2018-10-13T16:43:16Z" duration-ms="2016" status="PASS">
          <reporter-output>
          </reporter-output>
        </test-method> <!-- optionTwoTest -->
        <test-method is-config="true" signature="tearDown()[pri:0, instance:com.herokuapp.theinternet.dropdowntests.DropdownTest@783a467b]" started-at="2018-10-13T16:43:16Z" name="tearDown" finished-at="2018-10-13T16:43:16Z" duration-ms="2" status="PASS">
          <reporter-output>
          </reporter-output>
        </test-method> <!-- tearDown -->
      </class> <!-- com.herokuapp.theinternet.dropdowntests.DropdownTest -->
    </test> <!-- DropdownTests-UN -->
  </suite> <!-- DropdownTestSuite -->
</testng-results>
