<?xml version="1.0" encoding="UTF-8"?>
<testng-results ignored="0" total="1" passed="1" failed="0" skipped="0">
  <reporter-output>
  </reporter-output>
  <suite started-at="2018-09-29T14:53:55Z" name="UploadTestSuite" finished-at="2018-09-29T14:54:06Z" duration-ms="10764">
    <groups>
    </groups>
    <test started-at="2018-09-29T14:53:55Z" name="UploadTests" finished-at="2018-09-29T14:54:06Z" duration-ms="10764">
      <class name="com.herokuapp.theinternet.uploadtests.UploadTests">
        <test-method is-config="true" signature="setUp(java.lang.String, org.testng.ITestContext)[pri:0, instance:com.herokuapp.theinternet.uploadtests.UploadTests@424e1977]" started-at="2018-09-29T14:53:55Z" name="setUp" finished-at="2018-09-29T14:54:03Z" duration-ms="8062" status="PASS">
          <params>
            <param index="0">
              <value>
                <![CDATA[chrome]]>
              </value>
            </param>
            <param index="1">
              <value>
                <![CDATA[org.testng.TestRunner@4e2916c3]]>
              </value>
            </param>
          </params>
          <reporter-output>
          </reporter-output>
        </test-method> <!-- setUp -->
        <test-method signature="imageUploadTest()[pri:0, instance:com.herokuapp.theinternet.uploadtests.UploadTests@424e1977]" started-at="2018-09-29T14:54:03Z" name="imageUploadTest" finished-at="2018-09-29T14:54:05Z" duration-ms="1966" status="PASS">
          <reporter-output>
          </reporter-output>
        </test-method> <!-- imageUploadTest -->
        <test-method is-config="true" signature="tearDown()[pri:0, instance:com.herokuapp.theinternet.uploadtests.UploadTests@424e1977]" started-at="2018-09-29T14:54:05Z" name="tearDown" finished-at="2018-09-29T14:54:06Z" duration-ms="711" status="PASS">
          <reporter-output>
          </reporter-output>
        </test-method> <!-- tearDown -->
      </class> <!-- com.herokuapp.theinternet.uploadtests.UploadTests -->
    </test> <!-- UploadTests -->
  </suite> <!-- UploadTestSuite -->
</testng-results>
