<?xml version="1.0" encoding="UTF-8"?>
<testng-results ignored="0" total="4" passed="4" failed="0" skipped="0">
  <reporter-output>
  </reporter-output>
  <suite started-at="2018-09-15T14:49:07Z" name="NegativeLogInTestSuite" finished-at="2018-09-15T14:49:54Z" duration-ms="47009">
    <groups>
    </groups>
    <test started-at="2018-09-15T14:49:07Z" name="NegativeUsernameTest-CH" finished-at="2018-09-15T14:49:18Z" duration-ms="11523">
      <class name="com.herokuapp.theinternet.loginpagetests.NegativeLogInTests">
        <test-method is-config="true" signature="setUp(java.lang.String)[pri:0, instance:com.herokuapp.theinternet.loginpagetests.NegativeLogInTests@31f9b85e]" started-at="2018-09-15T14:49:07Z" name="setUp" finished-at="2018-09-15T14:49:15Z" duration-ms="7728" status="PASS">
          <params>
            <param index="0">
              <value>
                <![CDATA[chrome]]>
              </value>
            </param>
          </params>
          <reporter-output>
          </reporter-output>
        </test-method> <!-- setUp -->
        <test-method signature="negativeTest(java.lang.String, java.lang.String, java.lang.String)[pri:1, instance:com.herokuapp.theinternet.loginpagetests.NegativeLogInTests@31f9b85e]" started-at="2018-09-15T14:49:15Z" name="negativeTest" finished-at="2018-09-15T14:49:18Z" duration-ms="3020" status="PASS">
          <params>
            <param index="0">
              <value>
                <![CDATA[incorrectUsername]]>
              </value>
            </param>
            <param index="1">
              <value>
                <![CDATA[SuperSecretPassword!]]>
              </value>
            </param>
            <param index="2">
              <value>
                <![CDATA[Your username is invalid!]]>
              </value>
            </param>
          </params>
          <reporter-output>
          </reporter-output>
        </test-method> <!-- negativeTest -->
        <test-method is-config="true" signature="tearDown()[pri:0, instance:com.herokuapp.theinternet.loginpagetests.NegativeLogInTests@31f9b85e]" started-at="2018-09-15T14:49:18Z" name="tearDown" finished-at="2018-09-15T14:49:18Z" duration-ms="747" status="PASS">
          <reporter-output>
          </reporter-output>
        </test-method> <!-- tearDown -->
      </class> <!-- com.herokuapp.theinternet.loginpagetests.NegativeLogInTests -->
    </test> <!-- NegativeUsernameTest-CH -->
    <test started-at="2018-09-15T14:49:19Z" name="NegativeUsernameTest-FF" finished-at="2018-09-15T14:49:32Z" duration-ms="13698">
      <class name="com.herokuapp.theinternet.loginpagetests.NegativeLogInTests">
        <test-method is-config="true" signature="setUp(java.lang.String)[pri:0, instance:com.herokuapp.theinternet.loginpagetests.NegativeLogInTests@740773a3]" started-at="2018-09-15T14:49:19Z" name="setUp" finished-at="2018-09-15T14:49:28Z" duration-ms="9490" status="PASS">
          <params>
            <param index="0">
              <value>
                <![CDATA[firefox]]>
              </value>
            </param>
          </params>
          <reporter-output>
          </reporter-output>
        </test-method> <!-- setUp -->
        <test-method signature="negativeTest(java.lang.String, java.lang.String, java.lang.String)[pri:1, instance:com.herokuapp.theinternet.loginpagetests.NegativeLogInTests@740773a3]" started-at="2018-09-15T14:49:28Z" name="negativeTest" finished-at="2018-09-15T14:49:31Z" duration-ms="2695" status="PASS">
          <params>
            <param index="0">
              <value>
                <![CDATA[incorrectUsername]]>
              </value>
            </param>
            <param index="1">
              <value>
                <![CDATA[SuperSecretPassword!]]>
              </value>
            </param>
            <param index="2">
              <value>
                <![CDATA[Your username is invalid!]]>
              </value>
            </param>
          </params>
          <reporter-output>
          </reporter-output>
        </test-method> <!-- negativeTest -->
        <test-method is-config="true" signature="tearDown()[pri:0, instance:com.herokuapp.theinternet.loginpagetests.NegativeLogInTests@740773a3]" started-at="2018-09-15T14:49:31Z" name="tearDown" finished-at="2018-09-15T14:49:32Z" duration-ms="1508" status="PASS">
          <reporter-output>
          </reporter-output>
        </test-method> <!-- tearDown -->
      </class> <!-- com.herokuapp.theinternet.loginpagetests.NegativeLogInTests -->
    </test> <!-- NegativeUsernameTest-FF -->
    <test started-at="2018-09-15T14:49:32Z" name="NegativePasswordTest-CH" finished-at="2018-09-15T14:49:43Z" duration-ms="10790">
      <class name="com.herokuapp.theinternet.loginpagetests.NegativeLogInTests">
        <test-method is-config="true" signature="setUp(java.lang.String)[pri:0, instance:com.herokuapp.theinternet.loginpagetests.NegativeLogInTests@f2ff811]" started-at="2018-09-15T14:49:32Z" name="setUp" finished-at="2018-09-15T14:49:39Z" duration-ms="6747" status="PASS">
          <params>
            <param index="0">
              <value>
                <![CDATA[chrome]]>
              </value>
            </param>
          </params>
          <reporter-output>
          </reporter-output>
        </test-method> <!-- setUp -->
        <test-method signature="negativeTest(java.lang.String, java.lang.String, java.lang.String)[pri:1, instance:com.herokuapp.theinternet.loginpagetests.NegativeLogInTests@f2ff811]" started-at="2018-09-15T14:49:39Z" name="negativeTest" finished-at="2018-09-15T14:49:42Z" duration-ms="3344" status="PASS">
          <params>
            <param index="0">
              <value>
                <![CDATA[tomsmith]]>
              </value>
            </param>
            <param index="1">
              <value>
                <![CDATA[incorrectPassword]]>
              </value>
            </param>
            <param index="2">
              <value>
                <![CDATA[Your password is invalid!]]>
              </value>
            </param>
          </params>
          <reporter-output>
          </reporter-output>
        </test-method> <!-- negativeTest -->
        <test-method is-config="true" signature="tearDown()[pri:0, instance:com.herokuapp.theinternet.loginpagetests.NegativeLogInTests@f2ff811]" started-at="2018-09-15T14:49:42Z" name="tearDown" finished-at="2018-09-15T14:49:43Z" duration-ms="696" status="PASS">
          <reporter-output>
          </reporter-output>
        </test-method> <!-- tearDown -->
      </class> <!-- com.herokuapp.theinternet.loginpagetests.NegativeLogInTests -->
    </test> <!-- NegativePasswordTest-CH -->
    <test started-at="2018-09-15T14:49:43Z" name="NegativePasswordTest-FF" finished-at="2018-09-15T14:49:54Z" duration-ms="10879">
      <class name="com.herokuapp.theinternet.loginpagetests.NegativeLogInTests">
        <test-method is-config="true" signature="setUp(java.lang.String)[pri:0, instance:com.herokuapp.theinternet.loginpagetests.NegativeLogInTests@45ca843]" started-at="2018-09-15T14:49:43Z" name="setUp" finished-at="2018-09-15T14:49:50Z" duration-ms="7374" status="PASS">
          <params>
            <param index="0">
              <value>
                <![CDATA[firefox]]>
              </value>
            </param>
          </params>
          <reporter-output>
          </reporter-output>
        </test-method> <!-- setUp -->
        <test-method signature="negativeTest(java.lang.String, java.lang.String, java.lang.String)[pri:1, instance:com.herokuapp.theinternet.loginpagetests.NegativeLogInTests@45ca843]" started-at="2018-09-15T14:49:50Z" name="negativeTest" finished-at="2018-09-15T14:49:53Z" duration-ms="2211" status="PASS">
          <params>
            <param index="0">
              <value>
                <![CDATA[tomsmith]]>
              </value>
            </param>
            <param index="1">
              <value>
                <![CDATA[incorrectPassword]]>
              </value>
            </param>
            <param index="2">
              <value>
                <![CDATA[Your password is invalid!]]>
              </value>
            </param>
          </params>
          <reporter-output>
          </reporter-output>
        </test-method> <!-- negativeTest -->
        <test-method is-config="true" signature="tearDown()[pri:0, instance:com.herokuapp.theinternet.loginpagetests.NegativeLogInTests@45ca843]" started-at="2018-09-15T14:49:53Z" name="tearDown" finished-at="2018-09-15T14:49:54Z" duration-ms="1290" status="PASS">
          <reporter-output>
          </reporter-output>
        </test-method> <!-- tearDown -->
      </class> <!-- com.herokuapp.theinternet.loginpagetests.NegativeLogInTests -->
    </test> <!-- NegativePasswordTest-FF -->
  </suite> <!-- NegativeLogInTestSuite -->
</testng-results>
