<?xml version="1.0" encoding="UTF-8"?>
<testng-results ignored="0" total="1" passed="1" failed="0" skipped="0">
  <reporter-output>
  </reporter-output>
  <suite started-at="2018-08-17T14:02:13Z" name="PositiveTestSuite" finished-at="2018-08-17T14:02:19Z" duration-ms="5949">
    <groups>
    </groups>
    <test started-at="2018-08-17T14:02:13Z" name="PositiveTest" finished-at="2018-08-17T14:02:19Z" duration-ms="5949">
      <class name="com.herokuapp.theinternet.PositiveTests">
        <test-method signature="logInTest()[pri:0, instance:com.herokuapp.theinternet.PositiveTests@c86b9e3]" started-at="2018-08-17T14:02:13Z" name="logInTest" finished-at="2018-08-17T14:02:19Z" duration-ms="5928" status="PASS">
          <reporter-output>
          </reporter-output>
        </test-method> <!-- logInTest -->
      </class> <!-- com.herokuapp.theinternet.PositiveTests -->
    </test> <!-- PositiveTest -->
  </suite> <!-- PositiveTestSuite -->
</testng-results>
