<?xml version="1.0" encoding="UTF-8"?>
<testng-results ignored="0" total="1" passed="1" failed="0" skipped="0">
  <reporter-output>
  </reporter-output>
  <suite started-at="2018-10-13T14:44:41Z" name="PositiveLogInTestSuite" finished-at="2018-10-13T14:44:54Z" duration-ms="13527">
    <groups>
    </groups>
    <test started-at="2018-10-13T14:44:41Z" name="PositiveLogInTest" finished-at="2018-10-13T14:44:54Z" duration-ms="13527">
      <class name="com.herokuapp.theinternet.loginpagetests.PositiveLogInTests">
        <test-method is-config="true" signature="setUp(java.lang.reflect.Method, java.lang.String, org.testng.ITestContext)[pri:0, instance:com.herokuapp.theinternet.loginpagetests.PositiveLogInTests@6e509ffa]" started-at="2018-10-13T14:44:41Z" name="setUp" finished-at="2018-10-13T14:44:49Z" duration-ms="8236" status="PASS">
          <params>
            <param index="0">
              <value>
                <![CDATA[public void com.herokuapp.theinternet.loginpagetests.PositiveLogInTests.logInTest()]]>
              </value>
            </param>
            <param index="1">
              <value>
                <![CDATA[chrome]]>
              </value>
            </param>
            <param index="2">
              <value>
                <![CDATA[org.testng.TestRunner@2ff95fc6]]>
              </value>
            </param>
          </params>
          <reporter-output>
          </reporter-output>
        </test-method> <!-- setUp -->
        <test-method signature="logInTest()[pri:0, instance:com.herokuapp.theinternet.loginpagetests.PositiveLogInTests@6e509ffa]" started-at="2018-10-13T14:44:49Z" name="logInTest" finished-at="2018-10-13T14:44:53Z" duration-ms="4545" status="PASS">
          <reporter-output>
          </reporter-output>
        </test-method> <!-- logInTest -->
        <test-method is-config="true" signature="tearDown()[pri:0, instance:com.herokuapp.theinternet.loginpagetests.PositiveLogInTests@6e509ffa]" started-at="2018-10-13T14:44:53Z" name="tearDown" finished-at="2018-10-13T14:44:54Z" duration-ms="712" status="PASS">
          <reporter-output>
          </reporter-output>
        </test-method> <!-- tearDown -->
      </class> <!-- com.herokuapp.theinternet.loginpagetests.PositiveLogInTests -->
    </test> <!-- PositiveLogInTest -->
  </suite> <!-- PositiveLogInTestSuite -->
</testng-results>
